05/28/2013 05:55:16 INFO topology_reader: Configuration /home/rkhozinov/PycharmProjects/deployment_system/tests/etc/topology.ini was read successfully
05/28/2013 05:55:16 INFO topology_reader: ESX vCenter credentials was read successfully
05/28/2013 05:55:16 INFO topology_reader: ESX host name was read successfully
05/28/2013 05:55:16 INFO topology_reader: ESX host credentials was read successfully
05/28/2013 05:55:16 INFO topology_reader: Common iso image is specified to '/vfms/volumes/datastore1/vyatta_ds.iso'
05/28/2013 05:55:16 INFO topology_reader: Network list was read successfully: ['net1', 'net2', 'net3']
05/28/2013 05:55:16 INFO topology_reader: VM list was read successfully: ['vm_test1', 'vm_test2', 'vm_test3']
05/28/2013 05:55:16 INFO topology_reader: Not specified memory for 'vm_test1'
05/28/2013 05:55:16 INFO topology_reader: Not specified cpu count for 'vm_test1'
05/28/2013 05:55:16 INFO topology_reader: Not specified hard disk for 'vm_test2'
05/28/2013 05:55:16 INFO topology_reader: Not specified hard disk for 'vm_test3'
05/28/2013 05:55:16 INFO topology_reader: 'net1' will be used in promiscuous mode
05/28/2013 05:55:16 INFO topology_reader: 'net2' will be used in promiscuous mode
05/28/2013 05:55:16 INFO topology_reader: 'net2' will be used in isolated mode
05/28/2013 05:55:16 INFO topology_reader: 'net3' will be used in promiscuous mode
05/28/2013 05:55:17 INFO resource_pool: Resource pool 'topology' successfully created
05/28/2013 05:55:27 INFO switch: Virtual switch 'sw_topology' successfully created
05/28/2013 05:55:36 INFO switch: Network 'net1' successfully added to virtual switch 'sw_topology'
05/28/2013 05:55:47 INFO switch: Virtual switch 'sw_topology_net2' successfully created
05/28/2013 05:55:57 INFO switch: Network 'net2' successfully added to virtual switch 'sw_topology_net2'
05/28/2013 05:56:08 INFO switch: Network 'net3' successfully added to virtual switch 'sw_topology'
05/28/2013 05:56:23 INFO virtual_machine: Virtual machine 'topology_vm_test1' was created successfully
05/28/2013 05:56:25 INFO virtual_machine: Successfully connection to virtual machine 'topology_vm_test1'
05/28/2013 05:56:26 INFO virtual_machine: Serial port for virtual machine 'topology_vm_test1' was added successfully and available on '/vmfs/volumes/datastore1/serial_ports/topology_vm_test1'
05/28/2013 05:56:32 INFO virtual_machine: Virtual machine 'topology_vm_test1' power is turned on
05/28/2013 05:56:47 INFO virtual_machine: Virtual machine 'topology_vm_test2' was created successfully
05/28/2013 05:56:49 INFO virtual_machine: Successfully connection to virtual machine 'topology_vm_test2'
05/28/2013 05:56:50 INFO virtual_machine: Serial port for virtual machine 'topology_vm_test2' was added successfully and available on '/vmfs/volumes/datastore1/serial_ports/topology_vm_test2'
05/28/2013 05:56:55 INFO virtual_machine: Virtual machine 'topology_vm_test2' power is turned on
05/28/2013 05:57:12 INFO virtual_machine: Virtual machine 'topology_vm_test3' was created successfully
05/28/2013 05:57:14 INFO virtual_machine: Successfully connection to virtual machine 'topology_vm_test3'
05/28/2013 05:57:15 INFO virtual_machine: Serial port for virtual machine 'topology_vm_test3' was added successfully and available on '/vmfs/volumes/datastore1/serial_ports/topology_vm_test3'
05/28/2013 05:57:21 INFO virtual_machine: Virtual machine 'topology_vm_test3' power is turned on
05/28/2013 05:57:21 INFO virtual_machine: ESX host '172.18.93.30' was successfully connected
05/28/2013 05:57:23 INFO virtual_machine: Virtual machine 'topology_vm_test1' was connected successfully
05/28/2013 05:57:23 INFO virtual_machine: Option 'vyatta' was sent successfully to virtual machine 'topology_vm_test1'
05/28/2013 05:57:24 INFO virtual_machine: Option 'vyatta' was sent successfully to virtual machine 'topology_vm_test1'
05/28/2013 05:57:25 INFO virtual_machine: Option 'configure' was sent successfully to virtual machine 'topology_vm_test1'
05/28/2013 05:57:26 INFO virtual_machine: Option 'set int eth eth0 address 10.10.10.1/25' was sent successfully to virtual machine 'topology_vm_test1'
05/28/2013 05:57:27 INFO virtual_machine: Option 'set int eth eth1 address 100.10.10.2/25' was sent successfully to virtual machine 'topology_vm_test1'
05/28/2013 05:57:28 INFO virtual_machine: Option 'commit' was sent successfully to virtual machine 'topology_vm_test1'
05/28/2013 05:57:29 INFO virtual_machine: Option 'save' was sent successfully to virtual machine 'topology_vm_test1'
05/28/2013 05:57:30 INFO virtual_machine: Option 'exit' was sent successfully to virtual machine 'topology_vm_test1'
05/28/2013 05:57:31 INFO virtual_machine: Virtual machine 'topology_vm_test1' was configured successfully
05/28/2013 05:57:33 INFO virtual_machine: ESX host '172.18.93.30' was successfully connected
05/28/2013 05:57:34 INFO virtual_machine: Virtual machine 'topology_vm_test2' was connected successfully
05/28/2013 05:57:34 INFO virtual_machine: Option 'vyatta' was sent successfully to virtual machine 'topology_vm_test2'
05/28/2013 05:57:35 INFO virtual_machine: Option 'vyatta' was sent successfully to virtual machine 'topology_vm_test2'
05/28/2013 05:57:36 INFO virtual_machine: Option 'configure' was sent successfully to virtual machine 'topology_vm_test2'
05/28/2013 05:57:37 INFO virtual_machine: Option 'set int eth eth0 address 10.10.10.3/25' was sent successfully to virtual machine 'topology_vm_test2'
05/28/2013 05:57:38 INFO virtual_machine: Option 'set int eth eth1 address 100.10.10.4/25
commit' was sent successfully to virtual machine 'topology_vm_test2'
05/28/2013 05:57:39 INFO virtual_machine: Option 'save' was sent successfully to virtual machine 'topology_vm_test2'
05/28/2013 05:57:40 INFO virtual_machine: Option 'exit' was sent successfully to virtual machine 'topology_vm_test2'
05/28/2013 05:57:41 INFO virtual_machine: Virtual machine 'topology_vm_test2' was configured successfully
05/28/2013 05:57:43 INFO virtual_machine: ESX host '172.18.93.30' was successfully connected
05/28/2013 05:57:44 INFO virtual_machine: Virtual machine 'topology_vm_test3' was connected successfully
05/28/2013 05:57:44 INFO virtual_machine: Option 'vyatta' was sent successfully to virtual machine 'topology_vm_test3'
05/28/2013 05:57:45 INFO virtual_machine: Option 'vyatta' was sent successfully to virtual machine 'topology_vm_test3'
05/28/2013 05:57:46 INFO virtual_machine: Option 'configure' was sent successfully to virtual machine 'topology_vm_test3'
05/28/2013 05:57:47 INFO virtual_machine: Option 'set int eth eth0 address 10.10.10.5/25' was sent successfully to virtual machine 'topology_vm_test3'
05/28/2013 05:57:48 INFO virtual_machine: Option 'set int eth eth1 address 100.10.10.6/25
commit' was sent successfully to virtual machine 'topology_vm_test3'
05/28/2013 05:57:49 INFO virtual_machine: Option 'save' was sent successfully to virtual machine 'topology_vm_test3'
05/28/2013 05:57:51 INFO virtual_machine: Option 'exit' was sent successfully to virtual machine 'topology_vm_test3'
05/28/2013 05:57:52 INFO virtual_machine: Virtual machine 'topology_vm_test3' was configured successfully
